<ObjectDefinition>
  <variables frozen="0"/>
  <example/>
  <information>
    <icon/>
    <description/>
    <displayField>service_id</displayField>
    <order>10000</order>
    <visibility>5</visibility>
    <wfConstraintsPath/>
    <serviceTaskType>python</serviceTaskType>
    <processToAssociateToTrashIcon/>
    <name>test-wf</name>
    <group/>
  </information>
</ObjectDefinition>
