<ObjectDefinition>
  <variables frozen="0"/>
  <example/>
  <process name="Process/workflows/test-wf/Process_create">
    <displayName>create</displayName>
    <type>CREATE</type>
    <visibility>5</visibility>
    <allowSchedule/>
    <processConstraintsPath/>
  </process>
  <information>
    <icon/>
    <description>WF test with Github</description>
    <displayField>service_id</displayField>
    <order>10000</order>
    <visibility>5</visibility>
    <wfConstraintsPath/>
    <serviceTaskType>python</serviceTaskType>
    <processToAssociateToTrashIcon/>
    <name>test-wf</name>
    <group/>
  </information>
</ObjectDefinition>
